<?xml version="1.0" encoding="UTF-8"?>
<!-- Generated by org.testng.reporters.JUnitReportReporter -->
<testsuite skipped="0" hostname="ECLNOIDALT07" name="tests.TestAddVitalSigns" tests="1" failures="0" timestamp="26 Sep 2019 07:58:50 GMT" time="93.784" errors="0">
  <testcase name="checkVitalSigns" time="93.784" classname="tests.TestAddVitalSigns"/>
</testsuite> <!-- tests.TestAddVitalSigns -->
